[debug] [2022-05-08T18:05:38.597Z] ----------------------------------------------------------------------
[debug] [2022-05-08T18:05:38.599Z] Command:       C:\Program Files\nodejs\node.exe C:\Users\Pro Assistant\AppData\Roaming\npm\node_modules\firebase-tools\lib\bin\firebase.js init
[debug] [2022-05-08T18:05:38.599Z] CLI Version:   10.6.0
[debug] [2022-05-08T18:05:38.599Z] Platform:      win32
[debug] [2022-05-08T18:05:38.599Z] Node Version:  v16.13.1
[debug] [2022-05-08T18:05:38.601Z] Time:          Mon May 09 2022 00:05:38 GMT+0600 (Bangladesh Standard Time)
[debug] [2022-05-08T18:05:38.601Z] ----------------------------------------------------------------------
[debug] 
[debug] [2022-05-08T18:05:38.611Z] > command requires scopes: ["email","openid","https://www.googleapis.com/auth/cloudplatformprojects.readonly","https://www.googleapis.com/auth/firebase","https://www.googleapis.com/auth/cloud-platform"]
[debug] [2022-05-08T18:05:38.611Z] > authorizing via signed-in user (tubebusy@gmail.com)
[info] 
     ######## #### ########  ######## ########     ###     ######  ########
     ##        ##  ##     ## ##       ##     ##  ##   ##  ##       ##
     ######    ##  ########  ######   ########  #########  ######  ######
     ##        ##  ##    ##  ##       ##     ## ##     ##       ## ##
     ##       #### ##     ## ######## ########  ##     ##  ######  ########

You're about to initialize a Firebase project in this directory:

  C:\projects\grocery-go

Before we get started, keep in mind:

  * You are currently outside your home directory

[info] 
=== Project Setup
[info] 
[info] First, let's associate this project directory with a Firebase project.
[info] You can create multiple project aliases by running firebase use --add, 
[info] but for now we'll just set up a default project.
[info] 
[debug] [2022-05-08T18:05:47.940Z] > refreshing access token with scopes: []
[debug] [2022-05-08T18:05:47.941Z] >>> HTTP REQUEST POST https://www.googleapis.com/oauth2/v3/token  
 <request body omitted>
[debug] [2022-05-08T18:05:48.265Z] <<< HTTP RESPONSE 200 {"expires":"Mon, 01 Jan 1990 00:00:00 GMT","date":"Sun, 08 May 2022 18:08:15 GMT","cache-control":"no-cache, no-store, max-age=0, must-revalidate","pragma":"no-cache","content-type":"application/json; charset=utf-8","vary":"X-Origin, Referer, Origin,Accept-Encoding","server":"scaffolding on HTTPServer2","x-xss-protection":"0","x-frame-options":"SAMEORIGIN","x-content-type-options":"nosniff","alt-svc":"h3=\":443\"; ma=2592000,h3-29=\":443\"; ma=2592000,h3-Q050=\":443\"; ma=2592000,h3-Q046=\":443\"; ma=2592000,h3-Q043=\":443\"; ma=2592000,quic=\":443\"; ma=2592000; v=\"46,43\"","accept-ranges":"none","transfer-encoding":"chunked"}
[debug] [2022-05-08T18:05:48.279Z] >>> [apiv2][query] GET https://firebase.googleapis.com/v1beta1/projects pageSize=100
[debug] [2022-05-08T18:05:49.059Z] <<< [apiv2][status] GET https://firebase.googleapis.com/v1beta1/projects 200
[debug] [2022-05-08T18:05:49.059Z] <<< [apiv2][body] GET https://firebase.googleapis.com/v1beta1/projects [omitted]
[info] i  Using project grocery-go-bd (Grocery-Go) 
[info] 
=== Hosting Setup
[info] 
[info] Your public directory is the folder (relative to your project directory) that
[info] will contain Hosting assets to be uploaded with firebase deploy. If you
[info] have a build process for your assets, use your build's output directory.
[info] 
[debug] [2022-05-08T18:06:20.915Z] >>> [apiv2][query] GET https://www.gstatic.com/firebasejs/releases.json [none]
[debug] [2022-05-08T18:06:21.161Z] <<< [apiv2][status] GET https://www.gstatic.com/firebasejs/releases.json 200
[debug] [2022-05-08T18:06:21.162Z] <<< [apiv2][body] GET https://www.gstatic.com/firebasejs/releases.json {"current":{"version":"9.8.0","browserURL":"https://www.gstatic.com/firebasejs/9.8.0/firebase.js","packageURL":"https://www.gstatic.com/firebasejs/9.8.0/firebase.tgz"},"live":{"version":"9.8","browserURL":"https://www.gstatic.com/firebasejs/live/9.8/firebase.js","packageURL":"https://www.gstatic.com/firebasejs/live/9.8/firebase.tgz"},"components":{"analytics":"https://www.gstatic.com/firebasejs/9.8.0/firebase-analytics.js","app":"https://www.gstatic.com/firebasejs/9.8.0/firebase-app.js","app-check":"https://www.gstatic.com/firebasejs/9.8.0/firebase-app-check.js","auth":"https://www.gstatic.com/firebasejs/9.8.0/firebase-auth.js","auth/cordova":"https://www.gstatic.com/firebasejs/9.8.0/firebase-auth/cordova.js","auth/react-native":"https://www.gstatic.com/firebasejs/9.8.0/firebase-auth/react-native.js","functions":"https://www.gstatic.com/firebasejs/9.8.0/firebase-functions.js","firestore":"https://www.gstatic.com/firebasejs/9.8.0/firebase-firestore.js","firestore/lite":"https://www.gstatic.com/firebasejs/9.8.0/firebase-firestore/lite.js","storage":"https://www.gstatic.com/firebasejs/9.8.0/firebase-storage.js","performance":"https://www.gstatic.com/firebasejs/9.8.0/firebase-performance.js","remote-config":"https://www.gstatic.com/firebasejs/9.8.0/firebase-remote-config.js","messaging":"https://www.gstatic.com/firebasejs/9.8.0/firebase-messaging.js","messaging/sw":"https://www.gstatic.com/firebasejs/9.8.0/firebase-messaging/sw.js","database":"https://www.gstatic.com/firebasejs/9.8.0/firebase-database.js","firestore.memory":"https://www.gstatic.com/firebasejs/9.8.0/firebase-firestore.memory.js"}}
[info] i  Skipping write of build/index.html 
[info] 
[info] i  Detected a .git folder at C:\projects\grocery-go 
[info] i  Authorizing with GitHub to upload your service account to a GitHub repository's secrets store. 
[info] 
[info] Visit this URL on this device to log in:
[info] https://github.com/login/oauth/authorize?client_id=89cf50f02ac6aaed3484&state=642350139&redirect_uri=http%3A%2F%2Flocalhost%3A9005&scope=read%3Auser%20repo%20public_repo
[info] 
[info] Waiting for authentication...
[debug] [2022-05-08T18:06:43.229Z] >>> HTTP REQUEST POST https://github.com/login/oauth/access_token  
 {"client_id":"89cf50f02ac6aaed3484","client_secret":"3330d14abc895d9a74d5f17cd7a00711fa2c5bf0","code":"85ad2c0ead8f32c08e5e","redirect_uri":"http://localhost:9005","state":"642350139"}
[debug] [2022-05-08T18:06:43.716Z] <<< HTTP RESPONSE 200 {"server":"GitHub.com","date":"Sun, 08 May 2022 18:09:10 GMT","content-type":"application/json; charset=utf-8","transfer-encoding":"chunked","vary":"X-PJAX, X-PJAX-Container, Accept-Encoding, Accept, X-Requested-With","permissions-policy":"interest-cohort=()","etag":"W/\"bb1526b09348fecb103e404b0a3c3796\"","cache-control":"max-age=0, private, must-revalidate","strict-transport-security":"max-age=31536000; includeSubdomains; preload","x-frame-options":"deny","x-content-type-options":"nosniff","x-xss-protection":"0","referrer-policy":"origin-when-cross-origin, strict-origin-when-cross-origin","expect-ct":"max-age=2592000, report-uri=\"https://api.github.com/_private/browser/errors\"","content-security-policy":"default-src 'none'; base-uri 'self'; block-all-mixed-content; child-src github.com/assets-cdn/worker/ gist.github.com/assets-cdn/worker/; connect-src 'self' uploads.github.com objects-origin.githubusercontent.com www.githubstatus.com collector.github.com raw.githubusercontent.com api.github.com github-cloud.s3.amazonaws.com github-production-repository-file-5c1aeb.s3.amazonaws.com github-production-upload-manifest-file-7fdce7.s3.amazonaws.com github-production-user-asset-6210df.s3.amazonaws.com cdn.optimizely.com logx.optimizely.com/v1/events translator.github.com *.actions.githubusercontent.com wss://*.actions.githubusercontent.com online.visualstudio.com/api/v1/locations github-production-repository-image-32fea6.s3.amazonaws.com github-production-release-asset-2e65be.s3.amazonaws.com insights.github.com wss://alive.github.com; font-src github.githubassets.com; form-action 'self' github.com gist.github.com objects-origin.githubusercontent.com; frame-ancestors 'none'; frame-src render.githubusercontent.com viewscreen.githubusercontent.com notebooks.githubusercontent.com; img-src 'self' data: github.githubassets.com identicons.github.com github-cloud.s3.amazonaws.com secured-user-images.githubusercontent.com/ *.githubusercontent.com; manifest-src 'self'; media-src github.com user-images.githubusercontent.com/; script-src github.githubassets.com; style-src 'unsafe-inline' github.githubassets.com; worker-src github.com/assets-cdn/worker/ gist.github.com/assets-cdn/worker/","x-github-request-id":"E68A:5148:522080:660E7D:62780746"}
[debug] [2022-05-08T18:06:43.723Z] >>> [apiv2][query] GET https://api.github.com/user [none]
[debug] [2022-05-08T18:06:44.205Z] <<< [apiv2][status] GET https://api.github.com/user 200
[debug] [2022-05-08T18:06:44.205Z] <<< [apiv2][body] GET https://api.github.com/user {"login":"prokhairul","id":96287230,"node_id":"U_kgDOBb05_g","avatar_url":"https://avatars.githubusercontent.com/u/96287230?v=4","gravatar_id":"","url":"https://api.github.com/users/prokhairul","html_url":"https://github.com/prokhairul","followers_url":"https://api.github.com/users/prokhairul/followers","following_url":"https://api.github.com/users/prokhairul/following{/other_user}","gists_url":"https://api.github.com/users/prokhairul/gists{/gist_id}","starred_url":"https://api.github.com/users/prokhairul/starred{/owner}{/repo}","subscriptions_url":"https://api.github.com/users/prokhairul/subscriptions","organizations_url":"https://api.github.com/users/prokhairul/orgs","repos_url":"https://api.github.com/users/prokhairul/repos","events_url":"https://api.github.com/users/prokhairul/events{/privacy}","received_events_url":"https://api.github.com/users/prokhairul/received_events","type":"User","site_admin":false,"name":"Md. Khairul Islam","company":"@boomlocal","blog":"https://khairulislam.com/","location":"Dhaka, Bangladesh","email":null,"hireable":null,"bio":"Junior Web Developer ","twitter_username":"vakhairulislam","public_repos":5,"public_gists":0,"followers":0,"following":0,"created_at":"2021-12-17T08:55:11Z","updated_at":"2022-04-04T19:51:53Z","private_gists":0,"total_private_repos":0,"owned_private_repos":0,"disk_usage":15515,"collaborators":0,"two_factor_authentication":false,"plan":{"name":"free","space":976562499,"collaborators":0,"private_repos":10000}}
[info] 
[info] +  Success! Logged into GitHub as prokhairul 
[info] 
[debug] [2022-05-08T18:06:55.858Z] >>> [apiv2][query] GET https://api.github.com/repos//actions/secrets/public-key type=owner
[debug] [2022-05-08T18:06:56.283Z] <<< [apiv2][status] GET https://api.github.com/repos//actions/secrets/public-key 404
[debug] [2022-05-08T18:06:56.283Z] <<< [apiv2][body] GET https://api.github.com/repos//actions/secrets/public-key {"message":"Not Found","documentation_url":"https://docs.github.com/rest"}
[debug] [2022-05-08T18:06:59.098Z] >>> [apiv2][query] GET https://api.github.com/repos/y/actions/secrets/public-key type=owner
[debug] [2022-05-08T18:06:59.528Z] <<< [apiv2][status] GET https://api.github.com/repos/y/actions/secrets/public-key 404
[debug] [2022-05-08T18:06:59.528Z] <<< [apiv2][body] GET https://api.github.com/repos/y/actions/secrets/public-key {"message":"Not Found","documentation_url":"https://docs.github.com/rest"}
[debug] [2022-05-08T18:07:12.844Z] Error: kill ENOSYS
    at process.kill (node:internal/process/per_thread:215:13)
    at process.listener (C:\Users\Pro Assistant\AppData\Roaming\npm\node_modules\firebase-tools\node_modules\signal-exit\index.js:95:15)
    at process.emit (node:events:390:28)
[error] 
[error] Error: An unexpected error has occurred.
